2017-01-06 07:58:58,831 p=18404 u=ec2-user |  mnode3 | UNREACHABLE! => {
    "changed": false, 
    "msg": "Failed to connect to the host via ssh: Warning: Permanently added '54.227.74.0' (ECDSA) to the list of known hosts.\r\n@@@@@@@@@@@@@@@@@@@@@@@@@@@@@@@@@@@@@@@@@@@@@@@@@@@@@@@@@@@\r\n@         WARNING: UNPROTECTED PRIVATE KEY FILE!          @\r\n@@@@@@@@@@@@@@@@@@@@@@@@@@@@@@@@@@@@@@@@@@@@@@@@@@@@@@@@@@@\r\nPermissions 0664 for '/home/ec2-user/NVansible.pem' are too open.\r\nIt is required that your private key files are NOT accessible by others.\r\nThis private key will be ignored.\r\nbad permissions: ignore key: /home/ec2-user/NVansible.pem\r\nPermission denied (publickey,gssapi-keyex,gssapi-with-mic).\r\n", 
    "unreachable": true
}
2017-01-06 07:58:58,833 p=18404 u=ec2-user |  mnode4 | UNREACHABLE! => {
    "changed": false, 
    "msg": "Failed to connect to the host via ssh: Warning: Permanently added '54.173.92.153' (ECDSA) to the list of known hosts.\r\n@@@@@@@@@@@@@@@@@@@@@@@@@@@@@@@@@@@@@@@@@@@@@@@@@@@@@@@@@@@\r\n@         WARNING: UNPROTECTED PRIVATE KEY FILE!          @\r\n@@@@@@@@@@@@@@@@@@@@@@@@@@@@@@@@@@@@@@@@@@@@@@@@@@@@@@@@@@@\r\nPermissions 0664 for '/home/ec2-user/NVansible.pem' are too open.\r\nIt is required that your private key files are NOT accessible by others.\r\nThis private key will be ignored.\r\nbad permissions: ignore key: /home/ec2-user/NVansible.pem\r\nPermission denied (publickey,gssapi-keyex,gssapi-with-mic).\r\n", 
    "unreachable": true
}
2017-01-06 07:58:58,835 p=18404 u=ec2-user |  mnode2 | UNREACHABLE! => {
    "changed": false, 
    "msg": "Failed to connect to the host via ssh: Warning: Permanently added '54.227.54.59' (ECDSA) to the list of known hosts.\r\n@@@@@@@@@@@@@@@@@@@@@@@@@@@@@@@@@@@@@@@@@@@@@@@@@@@@@@@@@@@\r\n@         WARNING: UNPROTECTED PRIVATE KEY FILE!          @\r\n@@@@@@@@@@@@@@@@@@@@@@@@@@@@@@@@@@@@@@@@@@@@@@@@@@@@@@@@@@@\r\nPermissions 0664 for '/home/ec2-user/NVansible.pem' are too open.\r\nIt is required that your private key files are NOT accessible by others.\r\nThis private key will be ignored.\r\nbad permissions: ignore key: /home/ec2-user/NVansible.pem\r\nPermission denied (publickey,gssapi-keyex,gssapi-with-mic).\r\n", 
    "unreachable": true
}
2017-01-06 07:58:58,837 p=18404 u=ec2-user |  mnode1 | UNREACHABLE! => {
    "changed": false, 
    "msg": "Failed to connect to the host via ssh: @@@@@@@@@@@@@@@@@@@@@@@@@@@@@@@@@@@@@@@@@@@@@@@@@@@@@@@@@@@\r\n@         WARNING: UNPROTECTED PRIVATE KEY FILE!          @\r\n@@@@@@@@@@@@@@@@@@@@@@@@@@@@@@@@@@@@@@@@@@@@@@@@@@@@@@@@@@@\r\nPermissions 0664 for '/home/ec2-user/NVansible.pem' are too open.\r\nIt is required that your private key files are NOT accessible by others.\r\nThis private key will be ignored.\r\nbad permissions: ignore key: /home/ec2-user/NVansible.pem\r\nPermission denied (publickey,gssapi-keyex,gssapi-with-mic).\r\n", 
    "unreachable": true
}
2017-01-06 07:58:58,880 p=18404 u=ec2-user |  local | SUCCESS => {
    "changed": false, 
    "ping": "pong"
}
2017-01-06 07:59:10,032 p=18445 u=ec2-user |  mnode3 | UNREACHABLE! => {
    "changed": false, 
    "msg": "Failed to connect to the host via ssh: @@@@@@@@@@@@@@@@@@@@@@@@@@@@@@@@@@@@@@@@@@@@@@@@@@@@@@@@@@@\r\n@         WARNING: UNPROTECTED PRIVATE KEY FILE!          @\r\n@@@@@@@@@@@@@@@@@@@@@@@@@@@@@@@@@@@@@@@@@@@@@@@@@@@@@@@@@@@\r\nPermissions 0664 for '/home/ec2-user/NVansible.pem' are too open.\r\nIt is required that your private key files are NOT accessible by others.\r\nThis private key will be ignored.\r\nbad permissions: ignore key: /home/ec2-user/NVansible.pem\r\nPermission denied (publickey,gssapi-keyex,gssapi-with-mic).\r\n", 
    "unreachable": true
}
2017-01-06 07:59:10,034 p=18445 u=ec2-user |  mnode4 | UNREACHABLE! => {
    "changed": false, 
    "msg": "Failed to connect to the host via ssh: @@@@@@@@@@@@@@@@@@@@@@@@@@@@@@@@@@@@@@@@@@@@@@@@@@@@@@@@@@@\r\n@         WARNING: UNPROTECTED PRIVATE KEY FILE!          @\r\n@@@@@@@@@@@@@@@@@@@@@@@@@@@@@@@@@@@@@@@@@@@@@@@@@@@@@@@@@@@\r\nPermissions 0664 for '/home/ec2-user/NVansible.pem' are too open.\r\nIt is required that your private key files are NOT accessible by others.\r\nThis private key will be ignored.\r\nbad permissions: ignore key: /home/ec2-user/NVansible.pem\r\nPermission denied (publickey,gssapi-keyex,gssapi-with-mic).\r\n", 
    "unreachable": true
}
2017-01-06 07:59:10,036 p=18445 u=ec2-user |  mnode2 | UNREACHABLE! => {
    "changed": false, 
    "msg": "Failed to connect to the host via ssh: @@@@@@@@@@@@@@@@@@@@@@@@@@@@@@@@@@@@@@@@@@@@@@@@@@@@@@@@@@@\r\n@         WARNING: UNPROTECTED PRIVATE KEY FILE!          @\r\n@@@@@@@@@@@@@@@@@@@@@@@@@@@@@@@@@@@@@@@@@@@@@@@@@@@@@@@@@@@\r\nPermissions 0664 for '/home/ec2-user/NVansible.pem' are too open.\r\nIt is required that your private key files are NOT accessible by others.\r\nThis private key will be ignored.\r\nbad permissions: ignore key: /home/ec2-user/NVansible.pem\r\nPermission denied (publickey,gssapi-keyex,gssapi-with-mic).\r\n", 
    "unreachable": true
}
2017-01-06 07:59:10,038 p=18445 u=ec2-user |  mnode1 | UNREACHABLE! => {
    "changed": false, 
    "msg": "Failed to connect to the host via ssh: @@@@@@@@@@@@@@@@@@@@@@@@@@@@@@@@@@@@@@@@@@@@@@@@@@@@@@@@@@@\r\n@         WARNING: UNPROTECTED PRIVATE KEY FILE!          @\r\n@@@@@@@@@@@@@@@@@@@@@@@@@@@@@@@@@@@@@@@@@@@@@@@@@@@@@@@@@@@\r\nPermissions 0664 for '/home/ec2-user/NVansible.pem' are too open.\r\nIt is required that your private key files are NOT accessible by others.\r\nThis private key will be ignored.\r\nbad permissions: ignore key: /home/ec2-user/NVansible.pem\r\nPermission denied (publickey,gssapi-keyex,gssapi-with-mic).\r\n", 
    "unreachable": true
}
2017-01-06 07:59:10,080 p=18445 u=ec2-user |  local | SUCCESS => {
    "changed": false, 
    "ping": "pong"
}
2017-01-06 08:00:49,159 p=18490 u=ec2-user |  mnode1 | UNREACHABLE! => {
    "changed": false, 
    "msg": "Failed to connect to the host via ssh: @@@@@@@@@@@@@@@@@@@@@@@@@@@@@@@@@@@@@@@@@@@@@@@@@@@@@@@@@@@\r\n@         WARNING: UNPROTECTED PRIVATE KEY FILE!          @\r\n@@@@@@@@@@@@@@@@@@@@@@@@@@@@@@@@@@@@@@@@@@@@@@@@@@@@@@@@@@@\r\nPermissions 0664 for '/home/ec2-user/NVansible.pem' are too open.\r\nIt is required that your private key files are NOT accessible by others.\r\nThis private key will be ignored.\r\nbad permissions: ignore key: /home/ec2-user/NVansible.pem\r\nPermission denied (publickey,gssapi-keyex,gssapi-with-mic).\r\n", 
    "unreachable": true
}
2017-01-06 08:01:40,094 p=18519 u=ec2-user |  mnode1 | SUCCESS => {
    "changed": false, 
    "ping": "pong"
}
2017-01-06 08:01:55,231 p=18539 u=ec2-user |  local | SUCCESS => {
    "changed": false, 
    "ping": "pong"
}
2017-01-06 08:01:55,347 p=18539 u=ec2-user |  mnode1 | SUCCESS => {
    "changed": false, 
    "ping": "pong"
}
2017-01-06 08:01:55,562 p=18539 u=ec2-user |  mnode4 | SUCCESS => {
    "changed": false, 
    "ping": "pong"
}
2017-01-06 08:01:55,565 p=18539 u=ec2-user |  mnode2 | SUCCESS => {
    "changed": false, 
    "ping": "pong"
}
2017-01-06 08:01:55,593 p=18539 u=ec2-user |  mnode3 | SUCCESS => {
    "changed": false, 
    "ping": "pong"
}
